<?xml version="1.0" encoding="utf-8"?><testsuites name="pytest tests"><testsuite name="pytest" errors="0" failures="0" skipped="0" tests="19" time="9.168" timestamp="2026-02-05T09:52:06.645972+00:00" hostname="agent-env-824aa1ee-4bcd-4ed7-97f5-7424df4d8dd0"><testcase classname="backend.tests.test_flexible_pricing.TestFlexiblePricingBackend" name="test_create_listing_with_all_pricing_options" time="1.323" /><testcase classname="backend.tests.test_flexible_pricing.TestFlexiblePricingBackend" name="test_create_listing_hourly_only" time="0.346" /><testcase classname="backend.tests.test_flexible_pricing.TestFlexiblePricingBackend" name="test_create_listing_daily_only" time="0.344" /><testcase classname="backend.tests.test_flexible_pricing.TestFlexiblePricingBackend" name="test_create_listing_weekly_only" time="0.673" /><testcase classname="backend.tests.test_flexible_pricing.TestFlexiblePricingBackend" name="test_get_listing_with_flexible_pricing" time="0.342" /><testcase classname="backend.tests.test_flexible_pricing.TestFlexiblePricingBackend" name="test_create_hourly_booking" time="1.195" /><testcase classname="backend.tests.test_flexible_pricing.TestFlexiblePricingBackend" name="test_hourly_booking_minimum_hours_validation" time="0.679" /><testcase classname="backend.tests.test_flexible_pricing.TestFlexiblePricingBackend" name="test_hourly_booking_on_hourly_only_listing" time="0.344" /><testcase classname="backend.tests.test_flexible_pricing.TestFlexiblePricingBackend" name="test_create_daily_booking" time="0.338" /><testcase classname="backend.tests.test_flexible_pricing.TestFlexiblePricingBackend" name="test_daily_booking_on_daily_only_listing" time="0.341" /><testcase classname="backend.tests.test_flexible_pricing.TestFlexiblePricingBackend" name="test_daily_booking_not_available_on_hourly_only" time="0.344" /><testcase classname="backend.tests.test_flexible_pricing.TestFlexiblePricingBackend" name="test_create_weekly_booking" time="0.341" /><testcase classname="backend.tests.test_flexible_pricing.TestFlexiblePricingBackend" name="test_weekly_booking_with_extra_days" time="0.345" /><testcase classname="backend.tests.test_flexible_pricing.TestFlexiblePricingBackend" name="test_weekly_booking_on_weekly_only_listing" time="0.343" /><testcase classname="backend.tests.test_flexible_pricing.TestFlexiblePricingBackend" name="test_weekly_booking_not_available_on_daily_only" time="0.341" /><testcase classname="backend.tests.test_flexible_pricing.TestFlexiblePricingBackend" name="test_get_booking_shows_duration_type" time="0.348" /><testcase classname="backend.tests.test_flexible_pricing.TestFlexiblePricingBackend" name="test_get_my_bookings_shows_duration_types" time="0.339" /><testcase classname="backend.tests.test_flexible_pricing.TestFlexiblePricingBackend" name="test_hourly_booking_requires_hours" time="0.340" /><testcase classname="backend.tests.test_flexible_pricing.TestFlexiblePricingBackend" name="test_default_duration_type_is_daily" time="0.343" /></testsuite></testsuites>