<?xml version="1.0" encoding="utf-8"?><testsuites name="pytest tests"><testsuite name="pytest" errors="0" failures="1" skipped="0" tests="19" time="10.343" timestamp="2026-02-05T09:51:05.051749+00:00" hostname="agent-env-824aa1ee-4bcd-4ed7-97f5-7424df4d8dd0"><testcase classname="backend.tests.test_flexible_pricing.TestFlexiblePricingBackend" name="test_create_listing_with_all_pricing_options" time="1.247" /><testcase classname="backend.tests.test_flexible_pricing.TestFlexiblePricingBackend" name="test_create_listing_hourly_only" time="0.450" /><testcase classname="backend.tests.test_flexible_pricing.TestFlexiblePricingBackend" name="test_create_listing_daily_only" time="0.454" /><testcase classname="backend.tests.test_flexible_pricing.TestFlexiblePricingBackend" name="test_create_listing_weekly_only" time="0.453" /><testcase classname="backend.tests.test_flexible_pricing.TestFlexiblePricingBackend" name="test_get_listing_with_flexible_pricing" time="0.451" /><testcase classname="backend.tests.test_flexible_pricing.TestFlexiblePricingBackend" name="test_create_hourly_booking" time="1.047" /><testcase classname="backend.tests.test_flexible_pricing.TestFlexiblePricingBackend" name="test_hourly_booking_minimum_hours_validation" time="0.449" /><testcase classname="backend.tests.test_flexible_pricing.TestFlexiblePricingBackend" name="test_hourly_booking_on_hourly_only_listing" time="0.340" /><testcase classname="backend.tests.test_flexible_pricing.TestFlexiblePricingBackend" name="test_create_daily_booking" time="0.339" /><testcase classname="backend.tests.test_flexible_pricing.TestFlexiblePricingBackend" name="test_daily_booking_on_daily_only_listing" time="0.340" /><testcase classname="backend.tests.test_flexible_pricing.TestFlexiblePricingBackend" name="test_daily_booking_not_available_on_hourly_only" time="1.493" /><testcase classname="backend.tests.test_flexible_pricing.TestFlexiblePricingBackend" name="test_create_weekly_booking" time="0.341" /><testcase classname="backend.tests.test_flexible_pricing.TestFlexiblePricingBackend" name="test_weekly_booking_with_extra_days" time="0.338" /><testcase classname="backend.tests.test_flexible_pricing.TestFlexiblePricingBackend" name="test_weekly_booking_on_weekly_only_listing" time="0.242"><failure message="AssertionError: Create weekly booking failed: Internal Server Error&#10;assert 520 == 200&#10; +  where 520 = &lt;Response [520]&gt;.status_code">backend/tests/test_flexible_pricing.py:398: in test_weekly_booking_on_weekly_only_listing
    assert response.status_code == 200, f"Create weekly booking failed: {response.text}"
E   AssertionError: Create weekly booking failed: Internal Server Error
E   assert 520 == 200
E    +  where 520 = &lt;Response [520]&gt;.status_code</failure></testcase><testcase classname="backend.tests.test_flexible_pricing.TestFlexiblePricingBackend" name="test_weekly_booking_not_available_on_daily_only" time="0.451" /><testcase classname="backend.tests.test_flexible_pricing.TestFlexiblePricingBackend" name="test_get_booking_shows_duration_type" time="0.448" /><testcase classname="backend.tests.test_flexible_pricing.TestFlexiblePricingBackend" name="test_get_my_bookings_shows_duration_types" time="0.485" /><testcase classname="backend.tests.test_flexible_pricing.TestFlexiblePricingBackend" name="test_hourly_booking_requires_hours" time="0.338" /><testcase classname="backend.tests.test_flexible_pricing.TestFlexiblePricingBackend" name="test_default_duration_type_is_daily" time="0.451" /></testsuite></testsuites>