<?xml version="1.0" encoding="utf-8"?><testsuites name="pytest tests"><testsuite name="pytest" errors="0" failures="0" skipped="0" tests="21" time="9.451" timestamp="2026-02-05T06:25:09.490599+00:00" hostname="agent-env-824aa1ee-4bcd-4ed7-97f5-7424df4d8dd0"><testcase classname="backend.tests.test_pwa_files.TestPWAManifest" name="test_manifest_accessible" time="0.741" /><testcase classname="backend.tests.test_pwa_files.TestPWAManifest" name="test_manifest_content_type" time="0.367" /><testcase classname="backend.tests.test_pwa_files.TestPWAManifest" name="test_manifest_required_fields" time="0.702" /><testcase classname="backend.tests.test_pwa_files.TestPWAManifest" name="test_manifest_icons_configuration" time="0.367" /><testcase classname="backend.tests.test_pwa_files.TestPWAManifest" name="test_manifest_theme_color" time="0.258" /><testcase classname="backend.tests.test_pwa_files.TestPWAIcons" name="test_icon_192_accessible" time="0.486" /><testcase classname="backend.tests.test_pwa_files.TestPWAIcons" name="test_icon_192_content_type" time="0.480" /><testcase classname="backend.tests.test_pwa_files.TestPWAIcons" name="test_icon_512_accessible" time="0.938" /><testcase classname="backend.tests.test_pwa_files.TestPWAIcons" name="test_icon_512_content_type" time="0.956" /><testcase classname="backend.tests.test_pwa_files.TestServiceWorker" name="test_service_worker_accessible" time="0.728" /><testcase classname="backend.tests.test_pwa_files.TestServiceWorker" name="test_service_worker_content_type" time="0.369" /><testcase classname="backend.tests.test_pwa_files.TestServiceWorker" name="test_service_worker_contains_cache_name" time="0.257" /><testcase classname="backend.tests.test_pwa_files.TestServiceWorker" name="test_service_worker_contains_install_handler" time="0.254" /><testcase classname="backend.tests.test_pwa_files.TestServiceWorker" name="test_service_worker_contains_fetch_handler" time="0.366" /><testcase classname="backend.tests.test_pwa_files.TestOfflinePage" name="test_offline_page_accessible" time="0.251" /><testcase classname="backend.tests.test_pwa_files.TestOfflinePage" name="test_offline_page_content_type" time="0.368" /><testcase classname="backend.tests.test_pwa_files.TestOfflinePage" name="test_offline_page_contains_retry_button" time="0.252" /><testcase classname="backend.tests.test_pwa_files.TestHomepagePWAMeta" name="test_homepage_accessible" time="0.367" /><testcase classname="backend.tests.test_pwa_files.TestHomepagePWAMeta" name="test_homepage_has_manifest_link" time="0.256" /><testcase classname="backend.tests.test_pwa_files.TestHomepagePWAMeta" name="test_homepage_has_theme_color_meta" time="0.363" /><testcase classname="backend.tests.test_pwa_files.TestHomepagePWAMeta" name="test_homepage_has_apple_meta_tags" time="0.253" /></testsuite></testsuites>