<?xml version="1.0" encoding="utf-8"?><testsuites name="pytest tests"><testsuite name="pytest" errors="0" failures="2" skipped="0" tests="16" time="8.128" timestamp="2026-02-05T11:16:45.586568+00:00" hostname="agent-env-824aa1ee-4bcd-4ed7-97f5-7424df4d8dd0"><testcase classname="backend.tests.test_surge_discounts.TestSurgePricingAndDiscounts" name="test_create_listing_with_surge_pricing" time="1.197" /><testcase classname="backend.tests.test_surge_discounts.TestSurgePricingAndDiscounts" name="test_create_listing_with_long_term_discounts" time="0.455" /><testcase classname="backend.tests.test_surge_discounts.TestSurgePricingAndDiscounts" name="test_create_listing_with_surge_and_discounts" time="0.452" /><testcase classname="backend.tests.test_surge_discounts.TestSurgePricingAndDiscounts" name="test_get_listing_shows_surge_fields" time="0.341" /><testcase classname="backend.tests.test_surge_discounts.TestSurgePricingAndDiscounts" name="test_get_listing_shows_discount_fields" time="0.341" /><testcase classname="backend.tests.test_surge_discounts.TestSurgePricingAndDiscounts" name="test_booking_with_weekend_surge" time="0.938" /><testcase classname="backend.tests.test_surge_discounts.TestSurgePricingAndDiscounts" name="test_booking_weekday_only_no_surge" time="0.337" /><testcase classname="backend.tests.test_surge_discounts.TestSurgePricingAndDiscounts" name="test_booking_7_days_weekly_discount" time="0.337" /><testcase classname="backend.tests.test_surge_discounts.TestSurgePricingAndDiscounts" name="test_booking_30_days_monthly_discount" time="0.337" /><testcase classname="backend.tests.test_surge_discounts.TestSurgePricingAndDiscounts" name="test_booking_90_days_quarterly_discount" time="0.451" /><testcase classname="backend.tests.test_surge_discounts.TestSurgePricingAndDiscounts" name="test_booking_with_surge_and_weekly_discount" time="0.337" /><testcase classname="backend.tests.test_surge_discounts.TestSurgePricingAndDiscounts" name="test_booking_response_includes_surge_info" time="0.336"><failure message="AssertionError: Booking should include surge info&#10;assert ('surge_days' in {'created_at': '2026-02-05T11:16:49.169614+00:00', 'duration_type': 'daily', 'end_date': '2026-02-09', 'hours': None, ...} or 'surge_percentage' in {'created_at': '2026-02-05T11:16:49.169614+00:00', 'duration_type': 'daily', 'end_date': '2026-02-09', 'hours': None, ...})">backend/tests/test_surge_discounts.py:374: in test_booking_response_includes_surge_info
    assert "surge_days" in data or "surge_percentage" in data, "Booking should include surge info"
E   AssertionError: Booking should include surge info
E   assert ('surge_days' in {'created_at': '2026-02-05T11:16:49.169614+00:00', 'duration_type': 'daily', 'end_date': '2026-02-09', 'hours': None, ...} or 'surge_percentage' in {'created_at': '2026-02-05T11:16:49.169614+00:00', 'duration_type': 'daily', 'end_date': '2026-02-09', 'hours': None, ...})</failure></testcase><testcase classname="backend.tests.test_surge_discounts.TestSurgePricingAndDiscounts" name="test_booking_response_includes_discount_info" time="0.335"><failure message="AssertionError: Booking should include discount info&#10;assert ('discount_applied' in {'created_at': '2026-02-05T11:16:49.847353+00:00', 'duration_type': 'daily', 'end_date': '2026-03-14', 'hours': None, ...} or 'discount_label' in {'created_at': '2026-02-05T11:16:49.847353+00:00', 'duration_type': 'daily', 'end_date': '2026-03-14', 'hours': None, ...})">backend/tests/test_surge_discounts.py:384: in test_booking_response_includes_discount_info
    assert "discount_applied" in data or "discount_label" in data, "Booking should include discount info"
E   AssertionError: Booking should include discount info
E   assert ('discount_applied' in {'created_at': '2026-02-05T11:16:49.847353+00:00', 'duration_type': 'daily', 'end_date': '2026-03-14', 'hours': None, ...} or 'discount_label' in {'created_at': '2026-02-05T11:16:49.847353+00:00', 'duration_type': 'daily', 'end_date': '2026-03-14', 'hours': None, ...})</failure></testcase><testcase classname="backend.tests.test_surge_discounts.TestSurgePricingAndDiscounts" name="test_listing_without_surge_no_surge_applied" time="0.678" /><testcase classname="backend.tests.test_surge_discounts.TestSurgePricingAndDiscounts" name="test_listing_without_discounts_no_discount_applied" time="0.785" /><testcase classname="backend.tests.test_surge_discounts.TestSurgePricingAndDiscounts" name="test_short_booking_no_discount" time="0.339" /></testsuite></testsuites>