<?xml version="1.0" encoding="utf-8"?><testsuites name="pytest tests"><testsuite name="pytest" errors="0" failures="0" skipped="0" tests="16" time="8.881" timestamp="2026-02-05T11:21:01.958468+00:00" hostname="agent-env-824aa1ee-4bcd-4ed7-97f5-7424df4d8dd0"><testcase classname="backend.tests.test_surge_discounts.TestSurgePricingAndDiscounts" name="test_create_listing_with_surge_pricing" time="1.725" /><testcase classname="backend.tests.test_surge_discounts.TestSurgePricingAndDiscounts" name="test_create_listing_with_long_term_discounts" time="0.338" /><testcase classname="backend.tests.test_surge_discounts.TestSurgePricingAndDiscounts" name="test_create_listing_with_surge_and_discounts" time="0.447" /><testcase classname="backend.tests.test_surge_discounts.TestSurgePricingAndDiscounts" name="test_get_listing_shows_surge_fields" time="0.447" /><testcase classname="backend.tests.test_surge_discounts.TestSurgePricingAndDiscounts" name="test_get_listing_shows_discount_fields" time="0.446" /><testcase classname="backend.tests.test_surge_discounts.TestSurgePricingAndDiscounts" name="test_booking_with_weekend_surge" time="0.928" /><testcase classname="backend.tests.test_surge_discounts.TestSurgePricingAndDiscounts" name="test_booking_weekday_only_no_surge" time="0.337" /><testcase classname="backend.tests.test_surge_discounts.TestSurgePricingAndDiscounts" name="test_booking_7_days_weekly_discount" time="0.337" /><testcase classname="backend.tests.test_surge_discounts.TestSurgePricingAndDiscounts" name="test_booking_30_days_monthly_discount" time="0.339" /><testcase classname="backend.tests.test_surge_discounts.TestSurgePricingAndDiscounts" name="test_booking_90_days_quarterly_discount" time="0.336" /><testcase classname="backend.tests.test_surge_discounts.TestSurgePricingAndDiscounts" name="test_booking_with_surge_and_weekly_discount" time="0.339" /><testcase classname="backend.tests.test_surge_discounts.TestSurgePricingAndDiscounts" name="test_booking_response_includes_surge_info" time="0.338" /><testcase classname="backend.tests.test_surge_discounts.TestSurgePricingAndDiscounts" name="test_booking_response_includes_discount_info" time="0.449" /><testcase classname="backend.tests.test_surge_discounts.TestSurgePricingAndDiscounts" name="test_listing_without_surge_no_surge_applied" time="0.998" /><testcase classname="backend.tests.test_surge_discounts.TestSurgePricingAndDiscounts" name="test_listing_without_discounts_no_discount_applied" time="0.676" /><testcase classname="backend.tests.test_surge_discounts.TestSurgePricingAndDiscounts" name="test_short_booking_no_discount" time="0.338" /></testsuite></testsuites>